==101092== Memcheck, a memory error detector
==101092== Copyright (C) 2002-2017, and GNU GPL'd, by Julian Seward et al.
==101092== Using Valgrind-3.18.1 and LibVEX; rerun with -h for copyright info
==101092== Command: ./minishell
==101092== Parent PID: 101091
==101092== 
==101092== 
==101092== FILE DESCRIPTORS: 4 open (3 std) at exit.
==101092== Open file descriptor 3: /home/sberete/s/mini/valgrind.log
==101092==    <inherited from parent>
==101092== 
==101092== 
==101092== HEAP SUMMARY:
==101092==     in use at exit: 208,180 bytes in 222 blocks
==101092==   total heap usage: 890 allocs, 668 frees, 239,535 bytes allocated
==101092== 
==101092== LEAK SUMMARY:
==101092==    definitely lost: 0 bytes in 0 blocks
==101092==    indirectly lost: 0 bytes in 0 blocks
==101092==      possibly lost: 0 bytes in 0 blocks
==101092==    still reachable: 0 bytes in 0 blocks
==101092==         suppressed: 208,180 bytes in 222 blocks
==101092== 
==101092== For lists of detected and suppressed errors, rerun with: -s
==101092== ERROR SUMMARY: 0 errors from 0 contexts (suppressed: 63 from 63)
